<?xml version="1.0" encoding="UTF-8" ?>
<testsuite errors="0" failures="0" hostname="DESKTOP-GCDNCCL" name="p4_group_8_repo.test.InstructionTest" skipped="0" tests="10" time="0.636" timestamp="2020-11-21T16:40:45">
  <properties>
[...]
</properties>
  <testcase classname="p4_group_8_repo.test.InstructionTest" name="ThrowExceptionSpaceLinkTest" time="0.443" />
  <testcase classname="p4_group_8_repo.test.InstructionTest" name="ThrowExceptionFileNotExistTest" time="0.01" />
  <testcase classname="p4_group_8_repo.test.InstructionTest" name="getWidthTest" time="0.016" />
  <testcase classname="p4_group_8_repo.test.InstructionTest" name="constructorTest_Width" time="0.008" />
  <testcase classname="p4_group_8_repo.test.InstructionTest" name="getHeightTest" time="0.01" />
  <testcase classname="p4_group_8_repo.test.InstructionTest" name="ThrowExceptionNullLinkTest" time="0.007" />
  <testcase classname="p4_group_8_repo.test.InstructionTest" name="ThrowExceptionNoLinkTest" time="0.005" />
  <testcase classname="p4_group_8_repo.test.InstructionTest" name="constructorTest_X" time="0.006" />
  <testcase classname="p4_group_8_repo.test.InstructionTest" name="constructorTest_Y" time="0.006" />
  <testcase classname="p4_group_8_repo.test.InstructionTest" name="constructorTest_Height" time="0.007" />
  <system-out><![CDATA[]]></system-out>
  <system-err><![CDATA[]]></system-err>
</testsuite>
