<?xml version="1.0" encoding="UTF-8" ?>
<testsuites>
  <testsuite errors="1" failures="0" hostname="DESKTOP-GCDNCCL" id="0" name="Level1Test" package="p4_group_8_repo" skipped="0" tests="1" time="0.0" timestamp="2020-11-21T16:05:08">
      <properties>
[...]
</properties>

      <error message="p4_group_8_repo.Level1Test" type="java.lang.ClassNotFoundException">java.lang.ClassNotFoundException: p4_group_8_repo.Level1Test
	at java.base/jdk.internal.loader.BuiltinClassLoader.loadClass(BuiltinClassLoader.java:606)
	at java.base/jdk.internal.loader.ClassLoaders$AppClassLoader.loadClass(ClassLoaders.java:168)
	at java.base/java.lang.ClassLoader.loadClass(ClassLoader.java:522)
	at java.base/java.lang.Class.forName0(Native Method)
	at java.base/java.lang.Class.forName(Class.java:468)
</error>

      <system-out><![CDATA[]]></system-out>

      <system-err><![CDATA[]]></system-err>

  </testsuite>
  <testsuite errors="0" failures="0" hostname="DESKTOP-GCDNCCL" id="1" name="AnimalTest" package="p4_group_8_repo.test" skipped="0" tests="13" time="0.826" timestamp="2020-11-29T07:14:21">
      <properties>
[...]
</properties>

      <testcase classname="p4_group_8_repo.test.AnimalTest" name="getWidthTest1" time="0.447" />

      <testcase classname="p4_group_8_repo.test.AnimalTest" name="getWidthTest2" time="0.011" />

      <testcase classname="p4_group_8_repo.test.AnimalTest" name="getHeightTest2" time="0.007" />

      <testcase classname="p4_group_8_repo.test.AnimalTest" name="getIntersectObjectsTest" time="0.063" />

      <testcase classname="p4_group_8_repo.test.AnimalTest" name="changeLifeTest" time="0.008" />

      <testcase classname="p4_group_8_repo.test.AnimalTest" name="getWorldTest" time="0.008" />

      <testcase classname="p4_group_8_repo.test.AnimalTest" name="getHeightTest" time="0.008" />

      <testcase classname="p4_group_8_repo.test.AnimalTest" name="setgetPointsTest" time="0.009" />

      <testcase classname="p4_group_8_repo.test.AnimalTest" name="getStopTest1" time="0.01" />

      <testcase classname="p4_group_8_repo.test.AnimalTest" name="getStopTest2" time="0.007" />

      <testcase classname="p4_group_8_repo.test.AnimalTest" name="getIntersectObjectTest" time="0.06" />

      <testcase classname="p4_group_8_repo.test.AnimalTest" name="constructorTest_X" time="0.006" />

      <testcase classname="p4_group_8_repo.test.AnimalTest" name="constructorTest_Y" time="0.005" />

      <system-out><![CDATA[]]></system-out>

      <system-err><![CDATA[]]></system-err>

  </testsuite>
  <testsuite errors="0" failures="0" hostname="DESKTOP-GCDNCCL" id="2" name="BackgroundImageTest" package="p4_group_8_repo.test" skipped="0" tests="2" time="0.86" timestamp="2020-11-29T07:14:23">
      <properties>
[...]
</properties>

      <testcase classname="p4_group_8_repo.test.BackgroundImageTest" name="getWidthTest" time="0.625" />

      <testcase classname="p4_group_8_repo.test.BackgroundImageTest" name="getHeightTest" time="0.126" />

      <system-out><![CDATA[]]></system-out>

      <system-err><![CDATA[]]></system-err>

  </testsuite>
  <testsuite errors="0" failures="0" hostname="DESKTOP-GCDNCCL" id="3" name="CarObstacleTest" package="p4_group_8_repo.test" skipped="0" tests="2" time="0.625" timestamp="2020-11-29T07:26:55">
      <properties>
[...]
</properties>

      <testcase classname="p4_group_8_repo.test.CarObstacleTest" name="constructorTest_X" time="0.455" />

      <testcase classname="p4_group_8_repo.test.CarObstacleTest" name="constructorTest_Y" time="0.014" />

      <system-out><![CDATA[]]></system-out>

      <system-err><![CDATA[]]></system-err>

  </testsuite>
  <testsuite errors="0" failures="0" hostname="DESKTOP-GCDNCCL" id="4" name="DigitTest" package="p4_group_8_repo.test" skipped="0" tests="6" time="0.571" timestamp="2020-11-29T07:26:57">
      <properties>
[...]
</properties>

      <testcase classname="p4_group_8_repo.test.DigitTest" name="getWrongHeightTest" time="0.444" />

      <testcase classname="p4_group_8_repo.test.DigitTest" name="getWidthTest" time="0.002" />

      <testcase classname="p4_group_8_repo.test.DigitTest" name="getWrongWidthTest" time="0.001" />

      <testcase classname="p4_group_8_repo.test.DigitTest" name="getHeightTest" time="0.003" />

      <testcase classname="p4_group_8_repo.test.DigitTest" name="constructorTest_X" time="0.002" />

      <testcase classname="p4_group_8_repo.test.DigitTest" name="constructorTest_Y" time="0.002" />

      <system-out><![CDATA[]]></system-out>

      <system-err><![CDATA[]]></system-err>

  </testsuite>
  <testsuite errors="0" failures="0" hostname="DESKTOP-GCDNCCL" id="5" name="EndTest" package="p4_group_8_repo.test" skipped="0" tests="4" time="0.554" timestamp="2020-11-29T07:26:59">
      <properties>
[...]
</properties>

      <testcase classname="p4_group_8_repo.test.EndTest" name="isActivatedTest" time="0.429" />

      <testcase classname="p4_group_8_repo.test.EndTest" name="setEndTest" time="0.007" />

      <testcase classname="p4_group_8_repo.test.EndTest" name="constructorTest_X" time="0.002" />

      <testcase classname="p4_group_8_repo.test.EndTest" name="constructorTest_Y" time="0.003" />

      <system-out><![CDATA[]]></system-out>

      <system-err><![CDATA[]]></system-err>

  </testsuite>
  <testsuite errors="0" failures="0" hostname="DESKTOP-GCDNCCL" id="6" name="HighScoreTest" package="p4_group_8_repo.test" skipped="0" tests="4" time="0.63" timestamp="2020-11-29T07:27:01">
      <properties>
[...]
</properties>

      <testcase classname="p4_group_8_repo.test.HighScoreTest" name="constructorTest_X1" time="0.498" />

      <testcase classname="p4_group_8_repo.test.HighScoreTest" name="constructorTest_X2" time="0.011" />

      <testcase classname="p4_group_8_repo.test.HighScoreTest" name="constructorTest_Y1" time="0.006" />

      <testcase classname="p4_group_8_repo.test.HighScoreTest" name="constructorTest_Y2" time="0.005" />

      <system-out><![CDATA[]]></system-out>

      <system-err><![CDATA[]]></system-err>

  </testsuite>
  <testsuite errors="1" failures="0" hostname="DESKTOP-GCDNCCL" id="7" name="InstructionTest" package="p4_group_8_repo.test" skipped="0" tests="1" time="0.122" timestamp="2020-11-28T16:49:24">
      <properties>
[...]
</properties>

      <testcase classname="p4_group_8_repo.test.InstructionTest" name="initializationError" time="0.008">
          <error message="p4_group_8_repo/actor/mainfunction/Instruction" type="java.lang.NoClassDefFoundError">java.lang.NoClassDefFoundError: p4_group_8_repo/actor/mainfunction/Instruction
	at java.base/java.lang.Class.getDeclaredFields0(Native Method)
	at java.base/java.lang.Class.privateGetDeclaredFields(Class.java:3220)
	at java.base/java.lang.Class.getDeclaredFields(Class.java:2341)
	at java.base/jdk.internal.reflect.NativeConstructorAccessorImpl.newInstance0(Native Method)
	at java.base/jdk.internal.reflect.NativeConstructorAccessorImpl.newInstance(NativeConstructorAccessorImpl.java:64)
	at java.base/jdk.internal.reflect.DelegatingConstructorAccessorImpl.newInstance(DelegatingConstructorAccessorImpl.java:45)
	at java.base/java.lang.reflect.Constructor.newInstanceWithCaller(Constructor.java:500)
	at java.base/java.lang.reflect.Constructor.newInstance(Constructor.java:481)
Caused by: java.lang.ClassNotFoundException: p4_group_8_repo.actor.mainfunction.Instruction
	at java.base/jdk.internal.loader.BuiltinClassLoader.loadClass(BuiltinClassLoader.java:606)
	at java.base/jdk.internal.loader.ClassLoaders$AppClassLoader.loadClass(ClassLoaders.java:168)
	at java.base/java.lang.ClassLoader.loadClass(ClassLoader.java:522)
</error>

      </testcase>

      <system-out><![CDATA[]]></system-out>

      <system-err><![CDATA[]]></system-err>

  </testsuite>
  <testsuite errors="0" failures="0" hostname="DESKTOP-GCDNCCL" id="8" name="LevelFactoryTest" package="p4_group_8_repo.test" skipped="0" tests="19" time="6.624" timestamp="2020-11-29T07:27:03">
      <properties>
[...]
</properties>

      <testcase classname="p4_group_8_repo.test.LevelFactoryTest" name="getLevel10Test1" time="1.53" />

      <testcase classname="p4_group_8_repo.test.LevelFactoryTest" name="getLevel10Test2" time="0.202" />

      <testcase classname="p4_group_8_repo.test.LevelFactoryTest" name="getLevel2Test1" time="0.298" />

      <testcase classname="p4_group_8_repo.test.LevelFactoryTest" name="getLevel2Test2" time="0.16" />

      <testcase classname="p4_group_8_repo.test.LevelFactoryTest" name="getLevel3Test1" time="0.135" />

      <testcase classname="p4_group_8_repo.test.LevelFactoryTest" name="getLevel3Test2" time="0.263" />

      <testcase classname="p4_group_8_repo.test.LevelFactoryTest" name="getLevel4Test1" time="0.271" />

      <testcase classname="p4_group_8_repo.test.LevelFactoryTest" name="getLevel4Test2" time="0.286" />

      <testcase classname="p4_group_8_repo.test.LevelFactoryTest" name="getLevel5Test1" time="0.248" />

      <testcase classname="p4_group_8_repo.test.LevelFactoryTest" name="getLevel5Test2" time="0.303" />

      <testcase classname="p4_group_8_repo.test.LevelFactoryTest" name="getLevel6Test1" time="0.294" />

      <testcase classname="p4_group_8_repo.test.LevelFactoryTest" name="getLevel6Test2" time="0.33" />

      <testcase classname="p4_group_8_repo.test.LevelFactoryTest" name="getLevel7Test1" time="0.336" />

      <testcase classname="p4_group_8_repo.test.LevelFactoryTest" name="getLevel7Test2" time="0.376" />

      <testcase classname="p4_group_8_repo.test.LevelFactoryTest" name="getLevel8Test1" time="0.362" />

      <testcase classname="p4_group_8_repo.test.LevelFactoryTest" name="getLevel8Test2" time="0.353" />

      <testcase classname="p4_group_8_repo.test.LevelFactoryTest" name="getLevel9Test1" time="0.336" />

      <testcase classname="p4_group_8_repo.test.LevelFactoryTest" name="getLevel9Test2" time="0.396" />

      <testcase classname="p4_group_8_repo.test.LevelFactoryTest" name="getLevelNotExistTest" time="0.002" />

      <system-out><![CDATA[]]></system-out>

      <system-err><![CDATA[]]></system-err>

  </testsuite>
  <testsuite errors="0" failures="0" hostname="DESKTOP-GCDNCCL" id="9" name="LevelImageTest" package="p4_group_8_repo.test" skipped="0" tests="4" time="0.573" timestamp="2020-11-29T07:27:11">
      <properties>
[...]
</properties>

      <testcase classname="p4_group_8_repo.test.LevelImageTest" name="constructorTest_X1" time="0.439" />

      <testcase classname="p4_group_8_repo.test.LevelImageTest" name="constructorTest_X2" time="0.008" />

      <testcase classname="p4_group_8_repo.test.LevelImageTest" name="constructorTest_Y1" time="0.009" />

      <testcase classname="p4_group_8_repo.test.LevelImageTest" name="constructorTest_Y2" time="0.006" />

      <system-out><![CDATA[]]></system-out>

      <system-err><![CDATA[]]></system-err>

  </testsuite>
  <testsuite errors="0" failures="0" hostname="DESKTOP-GCDNCCL" id="10" name="LifeTest" package="p4_group_8_repo.test" skipped="0" tests="2" time="0.632" timestamp="2020-11-29T07:27:13">
      <properties>
[...]
</properties>

      <testcase classname="p4_group_8_repo.test.LifeTest" name="constructorTest_X" time="0.468" />

      <testcase classname="p4_group_8_repo.test.LifeTest" name="constructorTest_Y" time="0.031" />

      <system-out><![CDATA[]]></system-out>

      <system-err><![CDATA[]]></system-err>

  </testsuite>
  <testsuite errors="0" failures="0" hostname="DESKTOP-GCDNCCL" id="11" name="LogTest" package="p4_group_8_repo.test" skipped="0" tests="3" time="0.561" timestamp="2020-11-29T07:27:15">
      <properties>
[...]
</properties>

      <testcase classname="p4_group_8_repo.test.LogTest" name="getSpeedTest" time="0.439" />

      <testcase classname="p4_group_8_repo.test.LogTest" name="constructorTest_X" time="0.007" />

      <testcase classname="p4_group_8_repo.test.LogTest" name="constructorTest_Y" time="0.006" />

      <system-out><![CDATA[]]></system-out>

      <system-err><![CDATA[]]></system-err>

  </testsuite>
  <testsuite errors="0" failures="0" hostname="DESKTOP-GCDNCCL" id="12" name="MyStageTest" package="p4_group_8_repo.test" skipped="0" tests="3" time="0.634" timestamp="2020-11-29T07:27:16">
      <properties>
[...]
</properties>

      <testcase classname="p4_group_8_repo.test.MyStageTest" name="getObjectsTest" time="0.485" />

      <testcase classname="p4_group_8_repo.test.MyStageTest" name="addTest" time="0.017" />

      <testcase classname="p4_group_8_repo.test.MyStageTest" name="removeTest" time="0.013" />

      <system-out><![CDATA[]]></system-out>

      <system-err><![CDATA[]]></system-err>

  </testsuite>
  <testsuite errors="0" failures="0" hostname="DESKTOP-GCDNCCL" id="13" name="ObstacleFactoryTest" package="p4_group_8_repo.test" skipped="0" tests="14" time="0.742" timestamp="2020-11-29T07:27:18">
      <properties>
[...]
</properties>

      <testcase classname="p4_group_8_repo.test.ObstacleFactoryTest" name="getObstacleStringNotExistTest" time="0.375" />

      <testcase classname="p4_group_8_repo.test.ObstacleFactoryTest" name="getObstacleTurtleTest1" time="0.094" />

      <testcase classname="p4_group_8_repo.test.ObstacleFactoryTest" name="getObstacleTurtleTest2" time="0.011" />

      <testcase classname="p4_group_8_repo.test.ObstacleFactoryTest" name="getObstacleTruckTest1" time="0.065" />

      <testcase classname="p4_group_8_repo.test.ObstacleFactoryTest" name="getObstacleTruckTest2" time="0.003" />

      <testcase classname="p4_group_8_repo.test.ObstacleFactoryTest" name="getObstacleLogTest1" time="0.002" />

      <testcase classname="p4_group_8_repo.test.ObstacleFactoryTest" name="getObstacleLogTest2" time="0.004" />

      <testcase classname="p4_group_8_repo.test.ObstacleFactoryTest" name="getObstacleNullTest" time="0.0" />

      <testcase classname="p4_group_8_repo.test.ObstacleFactoryTest" name="getObstacleWetTurtleTest1" time="0.004" />

      <testcase classname="p4_group_8_repo.test.ObstacleFactoryTest" name="getObstacleWetTurtleTest2" time="0.003" />

      <testcase classname="p4_group_8_repo.test.ObstacleFactoryTest" name="getObstacleSnakeTest1" time="0.048" />

      <testcase classname="p4_group_8_repo.test.ObstacleFactoryTest" name="getObstacleSnakeTest2" time="0.004" />

      <testcase classname="p4_group_8_repo.test.ObstacleFactoryTest" name="getObstacleCarTest1" time="0.003" />

      <testcase classname="p4_group_8_repo.test.ObstacleFactoryTest" name="getObstacleCarTest2" time="0.013" />

      <system-out><![CDATA[]]></system-out>

      <system-err><![CDATA[]]></system-err>

  </testsuite>
  <testsuite errors="1" failures="0" hostname="DESKTOP-GCDNCCL" id="14" name="PauseTest" package="p4_group_8_repo.test" skipped="0" tests="1" time="0.119" timestamp="2020-11-28T16:49:37">
      <properties>
[...]
</properties>

      <testcase classname="p4_group_8_repo.test.PauseTest" name="initializationError" time="0.008">
          <error message="p4_group_8_repo/actor/mainfunction/Pause" type="java.lang.NoClassDefFoundError">java.lang.NoClassDefFoundError: p4_group_8_repo/actor/mainfunction/Pause
	at java.base/java.lang.Class.getDeclaredFields0(Native Method)
	at java.base/java.lang.Class.privateGetDeclaredFields(Class.java:3220)
	at java.base/java.lang.Class.getDeclaredFields(Class.java:2341)
	at java.base/jdk.internal.reflect.NativeConstructorAccessorImpl.newInstance0(Native Method)
	at java.base/jdk.internal.reflect.NativeConstructorAccessorImpl.newInstance(NativeConstructorAccessorImpl.java:64)
	at java.base/jdk.internal.reflect.DelegatingConstructorAccessorImpl.newInstance(DelegatingConstructorAccessorImpl.java:45)
	at java.base/java.lang.reflect.Constructor.newInstanceWithCaller(Constructor.java:500)
	at java.base/java.lang.reflect.Constructor.newInstance(Constructor.java:481)
Caused by: java.lang.ClassNotFoundException: p4_group_8_repo.actor.mainfunction.Pause
	at java.base/jdk.internal.loader.BuiltinClassLoader.loadClass(BuiltinClassLoader.java:606)
	at java.base/jdk.internal.loader.ClassLoaders$AppClassLoader.loadClass(ClassLoaders.java:168)
	at java.base/java.lang.ClassLoader.loadClass(ClassLoader.java:522)
</error>

      </testcase>

      <system-out><![CDATA[]]></system-out>

      <system-err><![CDATA[]]></system-err>

  </testsuite>
  <testsuite errors="1" failures="0" hostname="DESKTOP-GCDNCCL" id="15" name="PlayTest" package="p4_group_8_repo.test" skipped="0" tests="1" time="0.125" timestamp="2020-11-28T16:49:38">
      <properties>
[...]
</properties>

      <testcase classname="p4_group_8_repo.test.PlayTest" name="initializationError" time="0.008">
          <error message="p4_group_8_repo/actor/mainfunction/Play" type="java.lang.NoClassDefFoundError">java.lang.NoClassDefFoundError: p4_group_8_repo/actor/mainfunction/Play
	at java.base/java.lang.Class.getDeclaredFields0(Native Method)
	at java.base/java.lang.Class.privateGetDeclaredFields(Class.java:3220)
	at java.base/java.lang.Class.getDeclaredFields(Class.java:2341)
	at java.base/jdk.internal.reflect.NativeConstructorAccessorImpl.newInstance0(Native Method)
	at java.base/jdk.internal.reflect.NativeConstructorAccessorImpl.newInstance(NativeConstructorAccessorImpl.java:64)
	at java.base/jdk.internal.reflect.DelegatingConstructorAccessorImpl.newInstance(DelegatingConstructorAccessorImpl.java:45)
	at java.base/java.lang.reflect.Constructor.newInstanceWithCaller(Constructor.java:500)
	at java.base/java.lang.reflect.Constructor.newInstance(Constructor.java:481)
Caused by: java.lang.ClassNotFoundException: p4_group_8_repo.actor.mainfunction.Play
	at java.base/jdk.internal.loader.BuiltinClassLoader.loadClass(BuiltinClassLoader.java:606)
	at java.base/jdk.internal.loader.ClassLoaders$AppClassLoader.loadClass(ClassLoaders.java:168)
	at java.base/java.lang.ClassLoader.loadClass(ClassLoader.java:522)
</error>

      </testcase>

      <system-out><![CDATA[]]></system-out>

      <system-err><![CDATA[]]></system-err>

  </testsuite>
  <testsuite errors="1" failures="0" hostname="DESKTOP-GCDNCCL" id="16" name="ResumeTest" package="p4_group_8_repo.test" skipped="0" tests="1" time="0.125" timestamp="2020-11-28T16:49:39">
      <properties>
[...]
</properties>

      <testcase classname="p4_group_8_repo.test.ResumeTest" name="initializationError" time="0.007">
          <error message="p4_group_8_repo/actor/mainfunction/Resume" type="java.lang.NoClassDefFoundError">java.lang.NoClassDefFoundError: p4_group_8_repo/actor/mainfunction/Resume
	at java.base/java.lang.Class.getDeclaredFields0(Native Method)
	at java.base/java.lang.Class.privateGetDeclaredFields(Class.java:3220)
	at java.base/java.lang.Class.getDeclaredFields(Class.java:2341)
	at java.base/jdk.internal.reflect.NativeConstructorAccessorImpl.newInstance0(Native Method)
	at java.base/jdk.internal.reflect.NativeConstructorAccessorImpl.newInstance(NativeConstructorAccessorImpl.java:64)
	at java.base/jdk.internal.reflect.DelegatingConstructorAccessorImpl.newInstance(DelegatingConstructorAccessorImpl.java:45)
	at java.base/java.lang.reflect.Constructor.newInstanceWithCaller(Constructor.java:500)
	at java.base/java.lang.reflect.Constructor.newInstance(Constructor.java:481)
Caused by: java.lang.ClassNotFoundException: p4_group_8_repo.actor.mainfunction.Resume
	at java.base/jdk.internal.loader.BuiltinClassLoader.loadClass(BuiltinClassLoader.java:606)
	at java.base/jdk.internal.loader.ClassLoaders$AppClassLoader.loadClass(ClassLoaders.java:168)
	at java.base/java.lang.ClassLoader.loadClass(ClassLoader.java:522)
</error>

      </testcase>

      <system-out><![CDATA[]]></system-out>

      <system-err><![CDATA[]]></system-err>

  </testsuite>
  <testsuite errors="1" failures="0" hostname="DESKTOP-GCDNCCL" id="17" name="SoundTest" package="p4_group_8_repo.test" skipped="0" tests="1" time="0.12" timestamp="2020-11-28T16:49:40">
      <properties>
[...]
</properties>

      <testcase classname="p4_group_8_repo.test.SoundTest" name="initializationError" time="0.007">
          <error message="p4_group_8_repo/actor/mainfunction/Sound" type="java.lang.NoClassDefFoundError">java.lang.NoClassDefFoundError: p4_group_8_repo/actor/mainfunction/Sound
	at java.base/java.lang.Class.getDeclaredFields0(Native Method)
	at java.base/java.lang.Class.privateGetDeclaredFields(Class.java:3220)
	at java.base/java.lang.Class.getDeclaredFields(Class.java:2341)
	at java.base/jdk.internal.reflect.NativeConstructorAccessorImpl.newInstance0(Native Method)
	at java.base/jdk.internal.reflect.NativeConstructorAccessorImpl.newInstance(NativeConstructorAccessorImpl.java:64)
	at java.base/jdk.internal.reflect.DelegatingConstructorAccessorImpl.newInstance(DelegatingConstructorAccessorImpl.java:45)
	at java.base/java.lang.reflect.Constructor.newInstanceWithCaller(Constructor.java:500)
	at java.base/java.lang.reflect.Constructor.newInstance(Constructor.java:481)
Caused by: java.lang.ClassNotFoundException: p4_group_8_repo.actor.mainfunction.Sound
	at java.base/jdk.internal.loader.BuiltinClassLoader.loadClass(BuiltinClassLoader.java:606)
	at java.base/jdk.internal.loader.ClassLoaders$AppClassLoader.loadClass(ClassLoaders.java:168)
	at java.base/java.lang.ClassLoader.loadClass(ClassLoader.java:522)
</error>

      </testcase>

      <system-out><![CDATA[]]></system-out>

      <system-err><![CDATA[]]></system-err>

  </testsuite>
  <testsuite errors="0" failures="0" hostname="DESKTOP-GCDNCCL" id="18" name="TruckObstacleTest" package="p4_group_8_repo.test" skipped="0" tests="2" time="0.667" timestamp="2020-11-29T07:27:20">
      <properties>
[...]
</properties>

      <testcase classname="p4_group_8_repo.test.TruckObstacleTest" name="constructorTest_X" time="0.516" />

      <testcase classname="p4_group_8_repo.test.TruckObstacleTest" name="constructorTest_Y" time="0.043" />

      <system-out><![CDATA[]]></system-out>

      <system-err><![CDATA[]]></system-err>

  </testsuite>
  <testsuite errors="0" failures="0" hostname="DESKTOP-GCDNCCL" id="19" name="TurtleTest" package="p4_group_8_repo.test" skipped="0" tests="3" time="0.564" timestamp="2020-11-29T07:27:22">
      <properties>
[...]
</properties>

      <testcase classname="p4_group_8_repo.test.TurtleTest" name="getSpeedTest" time="0.437" />

      <testcase classname="p4_group_8_repo.test.TurtleTest" name="constructorTest_X" time="0.007" />

      <testcase classname="p4_group_8_repo.test.TurtleTest" name="constructorTest_Y" time="0.01" />

      <system-out><![CDATA[]]></system-out>

      <system-err><![CDATA[]]></system-err>

  </testsuite>
  <testsuite errors="0" failures="0" hostname="DESKTOP-GCDNCCL" id="20" name="WetTurtleTest" package="p4_group_8_repo.test" skipped="0" tests="3" time="0.563" timestamp="2020-11-29T07:27:24">
      <properties>
[...]
</properties>

      <testcase classname="p4_group_8_repo.test.WetTurtleTest" name="getSpeedTest" time="0.433" />

      <testcase classname="p4_group_8_repo.test.WetTurtleTest" name="constructorTest_X" time="0.011" />

      <testcase classname="p4_group_8_repo.test.WetTurtleTest" name="constructorTest_Y" time="0.009" />

      <system-out><![CDATA[]]></system-out>

      <system-err><![CDATA[]]></system-err>

  </testsuite>
  <testsuite errors="1" failures="0" hostname="DESKTOP-GCDNCCL" id="21" name="test" package="p4_group_8_repo.test" skipped="0" tests="1" time="0.0" timestamp="2020-11-22T15:07:12">
      <properties>
[...]
</properties>

      <error message="p4_group_8_repo.test.test" type="java.lang.ClassNotFoundException">java.lang.ClassNotFoundException: p4_group_8_repo.test.test
	at java.base/jdk.internal.loader.BuiltinClassLoader.loadClass(BuiltinClassLoader.java:606)
	at java.base/jdk.internal.loader.ClassLoaders$AppClassLoader.loadClass(ClassLoaders.java:168)
	at java.base/java.lang.ClassLoader.loadClass(ClassLoader.java:522)
	at java.base/java.lang.Class.forName0(Native Method)
	at java.base/java.lang.Class.forName(Class.java:468)
</error>

      <system-out><![CDATA[]]></system-out>

      <system-err><![CDATA[]]></system-err>

  </testsuite>
</testsuites>
